Environment at start of build:
ALLUSERSPROFILE = C:\ProgramData
APPDATA = C:\Users\Owner\AppData\Roaming
CommonProgramFiles = C:\Program Files (x86)\Common Files
CommonProgramFiles(x86) = C:\Program Files (x86)\Common Files
CommonProgramW6432 = C:\Program Files\Common Files
COMPUTERNAME = DESKTOP-5I2A3TR
ComSpec = C:\Windows\system32\cmd.exe
DriverData = C:\Windows\System32\Drivers\DriverData
FPS_BROWSER_APP_PROFILE_STRING = Internet Explorer
FPS_BROWSER_USER_PROFILE_STRING = Default
HOMEDRIVE = C:
HOMEPATH = \Users\Owner
LOCALAPPDATA = C:\Users\Owner\AppData\Local
LOGONSERVER = \\DESKTOP-5I2A3TR
MSBuildLoadMicrosoftTargetsReadOnly = true
NUMBER_OF_PROCESSORS = 8
OneDrive = C:\Users\Owner\OneDrive
OS = Windows_NT
Path = C:\Program Files (x86)\Common Files\Oracle\Java\javapath;C:\Windows\system32;C:\Windows;C:\Windows\System32\Wbem;C:\Windows\System32\WindowsPowerShell\v1.0\;C:\Windows\System32\OpenSSH\;C:\Program Files\dotnet\;C:\Program Files\Microsoft SQL Server\130\Tools\Binn\;C:\Program Files\Microsoft SQL Server\Client SDK\ODBC\170\Tools\Binn\;C:\Program Files\Wolfram Research\WolframScript\;C:\Users\Owner\AppData\Local\Microsoft\WindowsApps;C:\Users\Owner\.dotnet\tools
PATHEXT = .COM;.EXE;.BAT;.CMD;.VBS;.VBE;.JS;.JSE;.WSF;.WSH;.MSC
PkgDefApplicationConfigFile = C:\Users\Owner\AppData\Local\Microsoft\VisualStudio\16.0_3efbd685\devenv.exe.config
PROCESSOR_ARCHITECTURE = x86
PROCESSOR_ARCHITEW6432 = AMD64
PROCESSOR_IDENTIFIER = Intel64 Family 6 Model 158 Stepping 9, GenuineIntel
PROCESSOR_LEVEL = 6
PROCESSOR_REVISION = 9e09
ProgramData = C:\ProgramData
ProgramFiles = C:\Program Files (x86)
ProgramFiles(x86) = C:\Program Files (x86)
ProgramW6432 = C:\Program Files
PSModulePath = C:\Program Files\WindowsPowerShell\Modules;C:\Windows\system32\WindowsPowerShell\v1.0\Modules
PUBLIC = C:\Users\Public
ServiceHubLogSessionKey = BB5ADCA3
SESSIONNAME = Console
SystemDrive = C:
SystemRoot = C:\Windows
TEMP = C:\Users\Owner\AppData\Local\Temp
ThreadedWaitDialogDpiContext = -4
TMP = C:\Users\Owner\AppData\Local\Temp
USERDOMAIN = DESKTOP-5I2A3TR
USERDOMAIN_ROAMINGPROFILE = DESKTOP-5I2A3TR
USERNAME = tksafford
USERPROFILE = C:\Users\Owner
VisualStudioDir = C:\Users\Owner\Documents\Visual Studio 2019
VisualStudioEdition = Microsoft Visual Studio Community 2019
VisualStudioVersion = 16.0
VSAPPIDDIR = C:\Program Files (x86)\Microsoft Visual Studio\2019\Community\Common7\IDE\
VSAPPIDNAME = devenv.exe
VSLANG = 1033
VSLS_SESSION_KEEPALIVE_INTERVAL = 0
VSSKUEDITION = Community
windir = C:\Windows

  Main.cpp
  Node.cpp
  Generating Code...
  Lab25.vcxproj -> C:\Users\Owner\Desktop\CPSC231\Lab25\Debug\Lab25.exe

Project Performance Summary:
     2456 ms  C:\Users\Owner\Desktop\CPSC231\Lab25\Lab25.vcxproj   1 calls
               2456 ms  Rebuild                                    1 calls

Target Performance Summary:
        0 ms  AfterClCompile                             1 calls
        0 ms  PrepareResourceNames                       1 calls
        0 ms  CreateCustomManifestResourceNames          1 calls
        0 ms  ComputeManifestInputsTargets               1 calls
        0 ms  ComputeCLGeneratedLinkInputs               1 calls
        0 ms  ComputeManifestGeneratedLinkerInputs       1 calls
        0 ms  ComputeRCGeneratedLinkInputs               1 calls
        0 ms  ComputeRCOutputs                           1 calls
        0 ms  BeforeLink                                 1 calls
        0 ms  ComputeLegacyManifestEmbedding             1 calls
        0 ms  BuildLinkTraverse                          1 calls
        0 ms  BuildCompile                               1 calls
        0 ms  PreLinkEvent                               1 calls
        0 ms  _BuildCompileAction                        1 calls
        0 ms  _ResourceCompile                           1 calls
        0 ms  AfterResourceCompile                       1 calls
        0 ms  BeforeResourceCompile                      1 calls
        0 ms  _ClCompile                                 1 calls
        0 ms  AfterRebuild                               1 calls
        0 ms  SelectClCompile                            1 calls
        0 ms  ComputeReferenceCLInput                    1 calls
        0 ms  GetReferencedVCProjectsInfo                1 calls
        0 ms  FindReferenceAssembliesForReferences       1 calls
        0 ms  ComputeCLInputPDBName                      1 calls
        0 ms  BeforeClCompile                            1 calls
        0 ms  AfterBuildCompileEvent                     1 calls
        0 ms  BuildCompileTraverse                       1 calls
        0 ms  AfterLink                                  1 calls
        0 ms  _ALink                                     1 calls
        0 ms  Build                                      1 calls
        0 ms  AfterBuild                                 1 calls
        0 ms  BuildLink                                  1 calls
        0 ms  _BuildLinkAction                           1 calls
        0 ms  PostBuildEvent                             1 calls
        0 ms  PrepareForRun                              1 calls
        0 ms  _CheckForCompileOutputs                    1 calls
        0 ms  _GetCopyToOutputDirectoryItemsFromThisProject   1 calls
        0 ms  _GetCopyToOutputDirectoryItemsFromTransitiveProjectReferences   1 calls
        0 ms  GetCopyToOutputDirectoryXamlAppDefs        1 calls
        0 ms  _PopulateCommonStateForGetCopyToOutputDirectoryItems   1 calls
        0 ms  _Link                                      1 calls
        0 ms  _Deploy                                    1 calls
        0 ms  CreateSatelliteAssemblies                  1 calls
        0 ms  _GenerateSatelliteAssemblyInputs           1 calls
        0 ms  MakeDirsForFxc                             1 calls
        0 ms  _BscMake                                   1 calls
        0 ms  MakeDirsForBscMake                         1 calls
        0 ms  ComputeCLCompileGeneratedSbrFiles          1 calls
        0 ms  _XdcMake                                   1 calls
        0 ms  MakeDirsForXdcMake                         1 calls
        0 ms  ComputeCLCompileGeneratedXDCFiles          1 calls
        0 ms  RegisterOutput                             1 calls
        0 ms  _Manifest                                  1 calls
        0 ms  _Appverifier                               1 calls
        0 ms  BuildGenerateSources                       1 calls
        0 ms  Rebuild                                    1 calls
        0 ms  AfterBuildGenerateSourcesEvent             1 calls
        0 ms  AfterResolveReferences                     1 calls
        0 ms  CleanReferencedProjects                    1 calls
        0 ms  ExpandSDKReferences                        1 calls
        0 ms  ResolveSDKReferences                       1 calls
        0 ms  CleanPublishFolder                         1 calls
        0 ms  AfterClean                                 1 calls
        0 ms  SetCABuildNativeEnvironmentVariables       1 calls
        0 ms  GetFrameworkPaths                          1 calls
        0 ms  BeforeCppClean                             1 calls
        0 ms  GetResolvedWinMD                           1 calls
        0 ms  PGInstrumentedClean                        1 calls
        0 ms  CppClean                                   1 calls
        0 ms  Clean                                      1 calls
        0 ms  _PrepareForBuild                           1 calls
        0 ms  _BuildGenerateSourcesAction                1 calls
        0 ms  AddExternalIncludDirectoriesToPaths        1 calls
        0 ms  AfterCppClean                              1 calls
        0 ms  PrepareProjectReferences                   1 calls
        0 ms  ResolveReferences                          1 calls
        0 ms  BeforeBuildGenerateSources                 1 calls
        0 ms  AfterBuildGenerateSources                  1 calls
        0 ms  _Midl                                      1 calls
        0 ms  AfterMidl                                  1 calls
        0 ms  ComputeMIDLGeneratedCompileInputs          1 calls
        0 ms  BeforeRebuild                              1 calls
        0 ms  BeforeClean                                1 calls
        0 ms  BuildGenerateSourcesTraverse               1 calls
        0 ms  _Xsd                                       1 calls
        0 ms  BeforeResolveReferences                    1 calls
        0 ms  CopyFileToFolders                          1 calls
        0 ms  ComputeCustomBuildOutput                   1 calls
        0 ms  _AddOutputPathToGlobalPropertiesToRemove   1 calls
        0 ms  SelectCustomBuild                          1 calls
        0 ms  _SelectedFiles                             1 calls
        0 ms  PreBuildEvent                              1 calls
        1 ms  MakeDirsForMidl                            1 calls
        1 ms  MakeDirsForLink                            1 calls
        1 ms  GetReferenceAssemblyPaths                  1 calls
        1 ms  ComputeCLOutputs                           1 calls
        1 ms  BuiltProjectOutputGroup                    1 calls
        1 ms  AssignProjectConfiguration                 1 calls
        1 ms  FinalizeBuildStatus                        1 calls
        1 ms  _SplitProjectReferencesByFileExistence     1 calls
        1 ms  ComputeLinkImportLibraryOutputsForClean    1 calls
        1 ms  _GetProjectReferenceTargetFrameworkProperties   1 calls
        1 ms  IncrementalClean                           1 calls
        1 ms  SetBuildDefaultEnvironmentVariables        1 calls
        1 ms  MakeDirsForResourceCompile                 1 calls
        1 ms  _PrepareForRebuild                         1 calls
        1 ms  DoLinkOutputFilesMatch                     1 calls
        1 ms  _CopySourceItemsToOutputDirectory          1 calls
        1 ms  ResolveAssemblyReferences                  1 calls
        1 ms  ComputeLinkSwitches                        1 calls
        1 ms  ComputeLinkInputsFromProject               1 calls
        1 ms  ResolvedXDCMake                            1 calls
        1 ms  ContentFilesProjectOutputGroup             1 calls
        1 ms  _PrepareForReferenceResolution             1 calls
        1 ms  _CheckWindowsSDKInstalled                  1 calls
        2 ms  FixupCLCompileOptions                      1 calls
        2 ms  GetCopyToOutputDirectoryItems              1 calls
        2 ms  SatelliteDllsProjectOutputGroup            1 calls
        2 ms  SplitResourcesByCulture                    1 calls
        3 ms  AssignTargetPaths                          1 calls
        3 ms  _CleanGetCurrentAndPriorFileWrites         1 calls
        4 ms  MakeDirsForCl                              1 calls
        4 ms  _PrepareForClean                           1 calls
        4 ms  WarnCompileDuplicatedFilename              1 calls
        5 ms  CopyFilesToOutputDirectory                 1 calls
        6 ms  InitializeBuildStatus                      1 calls
        6 ms  CustomBuild                                1 calls
        8 ms  SetTelemetryEnvironmentVariables           1 calls
       13 ms  PrepareForBuild                            1 calls
       13 ms  CoreClean                                  1 calls
       15 ms  CoreCppClean                               1 calls
       18 ms  _CheckForInvalidConfigurationAndPlatform   1 calls
       20 ms  ResolveProjectReferences                   1 calls
       21 ms  CreateRecipeFile                           1 calls
      533 ms  Link                                       1 calls
     1745 ms  ClCompile                                  1 calls

Task Performance Summary:
        0 ms  AssignProjectConfiguration                 1 calls
        1 ms  CallTarget                                 2 calls
        1 ms  ConvertToAbsolutePath                      1 calls
        1 ms  MSBuild                                    1 calls
        1 ms  RemoveDuplicates                           3 calls
        2 ms  CreateItem                                 2 calls
        2 ms  CheckVCToolsetVersion                      1 calls
        2 ms  AssignTargetPath                           7 calls
        2 ms  FindUnderPath                              7 calls
        2 ms  AssignCulture                              1 calls
        3 ms  Message                                    3 calls
        3 ms  MakeDir                                   12 calls
        3 ms  SetEnv                                     9 calls
        3 ms  WriteLinesToFile                           4 calls
        3 ms  ReadLinesFromFile                          3 calls
        5 ms  Touch                                      2 calls
        6 ms  Delete                                     7 calls
        6 ms  GetOutOfDateItems                          3 calls
       14 ms  CppClean                                   1 calls
       20 ms  GenerateDesktopDeployRecipe                1 calls
      533 ms  Link                                       1 calls
     1744 ms  CL                                         1 calls
